<?xml version="1.0" encoding="UTF-8"?>
<testsuite xmlns:xsi="http://www.w3.org/2001/XMLSchema-instance" xsi:noNamespaceSchemaLocation="https://maven.apache.org/surefire/maven-surefire-plugin/xsd/surefire-test-report-3.0.xsd" version="3.0" name="runners.TestRunner" time="36.168" tests="2" errors="0" skipped="0" failures="0">
  <properties>
[...]
</properties>
  <testcase name="runScenario[&quot;Verify login with valid credentials&quot;, &quot;Login functionality&quot;](1)" classname="runners.TestRunner" time="25.099">
    <system-out><![CDATA[⚠️ allure-results folder not found. Skipping deletion.

@smoke
Scenario: Verify login with valid credentials # src/test/resources/features/login.feature:4

@smoke
Scenario Outline: Login and add POS register.                                       # src/test/resources/features/AddRegister.feature:12
  Given User launches the browser             # stepdefinitions.LoginSteps.launch_browser()
  And User navigates to login page            # stepdefinitions.LoginSteps.navigate_to_login()
  Given User enters username "aut.distributor.prod+r1_e4@gmail.com" and clicks Next # stepdefinitions.AddRegisterSteps.user_enters_username_and_clicks_next(java.lang.String)
  When User enters valid credentials          # stepdefinitions.LoginSteps.enter_credentials()
  And User enters password "enduser_4_prod@een" and clicks Login                    # stepdefinitions.AddRegisterSteps.user_enters_password_and_clicks_login(java.lang.String)
  Then User should land on dashboard page     # stepdefinitions.LoginSteps.verify_dashboard()
Error resetting browser after scenario: Cannot invoke "org.openqa.selenium.WebDriver.getWindowHandle()" because "this.driver" is null
]]></system-out>
    <system-err><![CDATA[SLF4J: No SLF4J providers were found.
SLF4J: Defaulting to no-operation (NOP) logger implementation
SLF4J: See https://www.slf4j.org/codes.html#noProviders for further details.
Mar 03, 2026 12:39:38 PM org.openqa.selenium.devtools.CdpVersionFinder findNearestMatch
WARNING: Unable to find CDP implementation matching 145
Mar 03, 2026 12:39:38 PM org.openqa.selenium.chromium.ChromiumDriver lambda$new$5
WARNING: Unable to find version of CDP to use for 145.0.7632.117. You may need to include a dependency on a specific version of the CDP using something similar to `org.seleniumhq.selenium:selenium-devtools-v86:4.18.1` where the version ("v86") matches the version of the chromium-based browser you're using and the version number of the artifact is the same as Selenium's.
Mar 03, 2026 12:39:39 PM org.openqa.selenium.devtools.CdpVersionFinder findNearestMatch
WARNING: Unable to find CDP implementation matching 145
Mar 03, 2026 12:39:39 PM org.openqa.selenium.chromium.ChromiumDriver lambda$new$5
WARNING: Unable to find version of CDP to use for 145.0.7632.117. You may need to include a dependency on a specific version of the CDP using something similar to `org.seleniumhq.selenium:selenium-devtools-v86:4.18.1` where the version ("v86") matches the version of the chromium-based browser you're using and the version number of the artifact is the same as Selenium's.
]]></system-err>
  </testcase>
  <testcase name="runScenario[&quot;Login and add POS register.&quot;, &quot;VMS POS Register&quot;](2)" classname="runners.TestRunner" time="34.859">
    <system-out><![CDATA[  When User adds a new POS register on site with bridge  and store  and register    # stepdefinitions.AddRegisterSteps.user_adds_a_new_pos_register_on_site_with_bridge_and_store_and_register()
Register added successfully
  Then New register should be added successfully                                    # stepdefinitions.AddRegisterSteps.new_register_should_be_added_successfully()
Error resetting browser after scenario: Cannot invoke "org.openqa.selenium.WebDriver.getWindowHandle()" because "this.driver" is null
]]></system-out>
  </testcase>
</testsuite>